0 verbose cli /Users/monskapinga/.nvm/versions/node/v16.15.1/bin/node /Users/monskapinga/.nvm/versions/node/v16.15.1/bin/npm
1 info using npm@9.6.4
2 info using node@v16.15.1
3 timing npm:load:whichnode Completed in 0ms
4 timing config:load:defaults Completed in 1ms
5 timing config:load:file:/Users/monskapinga/.nvm/versions/node/v16.15.1/lib/node_modules/npm/npmrc Completed in 1ms
6 timing config:load:builtin Completed in 1ms
7 timing config:load:cli Completed in 2ms
8 timing config:load:env Completed in 0ms
9 timing config:load:file:/Users/monskapinga/Code/hmpps-matching-prototype/.npmrc Completed in 1ms
10 timing config:load:project Completed in 4ms
11 timing config:load:file:/Users/monskapinga/.npmrc Completed in 0ms
12 timing config:load:user Completed in 0ms
13 timing config:load:file:/Users/monskapinga/.nvm/versions/node/v16.15.1/etc/npmrc Completed in 0ms
14 timing config:load:global Completed in 0ms
15 timing config:load:setEnvs Completed in 1ms
16 timing config:load Completed in 9ms
17 timing npm:load:configload Completed in 10ms
18 timing npm:load:mkdirpcache Completed in 1ms
19 timing npm:load:mkdirplogs Completed in 0ms
20 verbose title npm run eslint . 0
21 verbose argv "run" "eslint" "." "--cache" "--max-warnings" "0" "--fix"
22 timing npm:load:setTitle Completed in 18ms
23 timing config:load:flatten Completed in 4ms
24 timing npm:load:display Completed in 5ms
25 verbose logfile logs-max:10 dir:/Users/monskapinga/Code/hmpps-matching-prototype/--max-warnings/_logs/2025-05-21T09_41_41_105Z-
26 verbose logfile /Users/monskapinga/Code/hmpps-matching-prototype/--max-warnings/_logs/2025-05-21T09_41_41_105Z-debug-0.log
27 timing npm:load:logFile Completed in 6ms
28 timing npm:load:timers Completed in 1ms
29 timing npm:load:configScope Completed in 0ms
30 timing npm:load Completed in 41ms
31 timing command:run Completed in 29ms
32 verbose stack Error: Missing script: "eslint"
32 verbose stack
32 verbose stack Did you mean this?
32 verbose stack     npm run lint # run the "lint" package script
32 verbose stack
32 verbose stack To see a list of scripts, run:
32 verbose stack   npm run
32 verbose stack     at RunScript.run (/Users/monskapinga/.nvm/versions/node/v16.15.1/lib/node_modules/npm/lib/commands/run-script.js:93:13)
32 verbose stack     at async module.exports (/Users/monskapinga/.nvm/versions/node/v16.15.1/lib/node_modules/npm/lib/cli.js:89:5)
33 verbose cwd /Users/monskapinga/Code/hmpps-matching-prototype
34 verbose Darwin 24.4.0
35 verbose node v16.15.1
36 verbose npm  v9.6.4
37 error Missing script: "eslint"
37 error
37 error Did you mean this?
37 error     npm run lint # run the "lint" package script
37 error
37 error To see a list of scripts, run:
37 error   npm run
38 verbose exit 1
39 timing npm Completed in 86ms
40 verbose code 1
41 error A complete log of this run can be found in: /Users/monskapinga/Code/hmpps-matching-prototype/--max-warnings/_logs/2025-05-21T09_41_41_105Z-debug-0.log
